0 info it worked if it ends with ok
1 verbose cli [ 'node', '/Users/jdmcpeek/.node/bin/npm', 'start' ]
2 info using npm@2.1.9
3 info using node@v0.10.33
4 verbose node symlink /usr/local/bin/node
5 verbose stack Error: missing script: start
5 verbose stack     at run (/Users/jdmcpeek/.node/lib/node_modules/npm/lib/run-script.js:130:19)
5 verbose stack     at /Users/jdmcpeek/.node/lib/node_modules/npm/lib/run-script.js:81:5
5 verbose stack     at /Users/jdmcpeek/.node/lib/node_modules/npm/node_modules/read-package-json/read-json.js:51:40
5 verbose stack     at final (/Users/jdmcpeek/.node/lib/node_modules/npm/node_modules/read-package-json/read-json.js:349:17)
5 verbose stack     at then (/Users/jdmcpeek/.node/lib/node_modules/npm/node_modules/read-package-json/read-json.js:126:33)
5 verbose stack     at /Users/jdmcpeek/.node/lib/node_modules/npm/node_modules/read-package-json/read-json.js:331:40
5 verbose stack     at evalmachine.<anonymous>:271:14
5 verbose stack     at /Users/jdmcpeek/.node/lib/node_modules/npm/node_modules/graceful-fs/graceful-fs.js:102:5
5 verbose stack     at Object.oncomplete (evalmachine.<anonymous>:107:15)
6 verbose cwd /Users/jdmcpeek/Projects/EmilyChristmas2014
7 error Darwin 14.0.0
8 error argv "node" "/Users/jdmcpeek/.node/bin/npm" "start"
9 error node v0.10.33
10 error npm  v2.1.9
11 error missing script: start
12 error If you need help, you may report this error at:
12 error     <http://github.com/npm/npm/issues>
13 verbose exit [ 1, true ]
